2016-07-14 13:28:10 - ['page_0002a_rotated.jpg', 'page_0012A_rotated.jpg', 'page_0017A_rotated.jpg']
2016-07-14 13:30:15 - ['page_0002a_rotated.jpg', 'page_0012A_rotated.jpg', 'page_0017A_rotated.jpg']
2016-07-14 13:32:27 - ['page_0002a_rotated.jpg', 'page_0012A_rotated.jpg', 'page_0017A_rotated.jpg']
2016-07-14 13:33:51 - ['page_0002a_rotated.jpg', 'page_0012A_rotated.jpg', 'page_0017A_rotated.jpg']
2016-07-14 13:34:26 - ['page_0002a_rotated.jpg', 'page_0012A_rotated.jpg', 'page_0017A_rotated.jpg']
2016-07-14 13:35:08 - ['page_0002a_rotated.jpg', 'page_0012A_rotated.jpg', 'page_0017A_rotated.jpg']
2016-07-14 13:35:25 - ['page_0002a_rotated.jpg', 'page_0012A_rotated.jpg', 'page_0017A_rotated.jpg']
2016-07-14 13:39:43 - ['page_0002a_rotated.jpg', 'page_0012A_rotated.jpg', 'page_0017A_rotated.jpg']
2016-07-14 13:42:16 - ['page_0002a_rotated.jpg', 'page_0012A_rotated.jpg', 'page_0017A_rotated.jpg']
2016-07-14 13:43:11 - ['page_0002a_rotated.jpg', 'page_0012A_rotated.jpg', 'page_0017A_rotated.jpg']
2016-07-14 13:43:23 - ['page_0002a_rotated.jpg', 'page_0012A_rotated.jpg', 'page_0017A_rotated.jpg']
2016-07-14 13:44:14 - ['page_0002a_rotated.jpg', 'page_0012A_rotated.jpg', 'page_0017A_rotated.jpg']
2016-07-14 13:45:33 - ['page_0002a_rotated.jpg', 'page_0012A_rotated.jpg', 'page_0017A_rotated.jpg']
2016-07-14 13:47:20 - ['page_0002a_rotated.jpg', 'page_0012A_rotated.jpg', 'page_0017A_rotated.jpg']
2016-07-14 13:48:18 - ['page_0002a_rotated.jpg', 'page_0012A_rotated.jpg', 'page_0017A_rotated.jpg']
2016-07-14 13:48:18 - OCRING IMAGE: ocrimg.bmp
2016-07-14 13:49:02 - ['page_0002a_rotated.jpg', 'page_0012A_rotated.jpg', 'page_0017A_rotated.jpg']
2016-07-14 13:49:34 - ['page_0002a_rotated.jpg', 'page_0012A_rotated.jpg', 'page_0017A_rotated.jpg']
2016-07-14 13:51:29 - ['page_0002a_rotated.jpg', 'page_0012A_rotated.jpg', 'page_0017A_rotated.jpg']
2016-07-14 13:51:42 - ['page_0002a_rotated.jpg', 'page_0012A_rotated.jpg', 'page_0017A_rotated.jpg']
2016-07-14 13:51:43 - OCRING IMAGE: *I129_PETITION_FOR_A_NONIMMIGRANT_WORKER.jpg
2016-07-14 13:52:15 - ['page_0002a_rotated.jpg', 'page_0012A_rotated.jpg', 'page_0017A_rotated.jpg']
2016-07-14 13:52:16 - OCRING IMAGE: I129_PETITION_FOR_A_NONIMMIGRANT_WORKER.jpg
2016-07-14 13:53:26 - ['page_0002a_rotated.jpg', 'page_0012A_rotated.jpg', 'page_0017A_rotated.jpg']
2016-07-14 13:53:26 - OCRING IMAGE: temp_files/I129_PETITION_FOR_A_NONIMMIGRANT_WORKER.jpg
2016-07-14 13:54:12 - ['page_0002a_rotated.jpg', 'page_0012A_rotated.jpg', 'page_0017A_rotated.jpg']
2016-07-14 13:54:12 - OCRING IMAGE: temp_files/I129_PETITION_FOR_A_NONIMMIGRANT_WORKER.jpg
2016-07-14 13:54:26 - ['page_0002a_rotated.jpg', 'page_0012A_rotated.jpg', 'page_0017A_rotated.jpg']
2016-07-14 13:54:26 - OCRING IMAGE: temp_files/I129_PETITION_FOR_A_NONIMMIGRANT_WORKER.jpg
2016-07-14 13:59:38 - ['page_0002a_rotated.jpg', 'page_0012A_rotated.jpg', 'page_0017A_rotated.jpg']
2016-07-14 13:59:38 - OCRING IMAGE: temp_files/I129_PETITION_FOR_A_NONIMMIGRANT_WORKER.jpg
2016-07-14 13:59:49 - ['page_0002a_rotated.jpg', 'page_0012A_rotated.jpg', 'page_0017A_rotated.jpg']
2016-07-14 13:59:49 - OCRING IMAGE: temp_files/I129_PETITION_FOR_A_NONIMMIGRANT_WORKER.jpg
2016-07-14 14:00:08 - ['page_0002a_rotated.jpg', 'page_0012A_rotated.jpg', 'page_0017A_rotated.jpg']
2016-07-14 14:00:08 - OCRING IMAGE: temp_files/I129_PETITION_FOR_A_NONIMMIGRANT_WORKER.jpg
2016-07-14 14:00:09 - OCRING IMAGE: temp_files/I129_PETITION_FOR_A_NONIMMIGRANT_WORKER.jpg
2016-07-14 14:00:09 - OCRING IMAGE: temp_files/I129_PETITION_FOR_A_NONIMMIGRANT_WORKER.jpg
2016-07-14 14:00:27 - ['page_0002a_rotated.jpg', 'page_0012A_rotated.jpg', 'page_0017A_rotated.jpg']
2016-07-14 14:00:27 - OCRING IMAGE: temp_files/I129_PETITION_FOR_A_NONIMMIGRANT_WORKER.jpg
2016-07-14 14:00:28 - OCRING IMAGE: temp_files/I129_PETITION_FOR_A_NONIMMIGRANT_WORKER.jpg
2016-07-14 14:00:28 - OCRING IMAGE: temp_files/I129_PETITION_FOR_A_NONIMMIGRANT_WORKER.jpg
2016-07-14 14:01:11 - ['page_0002a_rotated.jpg', 'page_0012A_rotated.jpg', 'page_0017A_rotated.jpg']
2016-07-14 14:01:11 - OCRING IMAGE: temp_files/I129_PETITION_FOR_A_NONIMMIGRANT_WORKER.jpg
2016-07-14 14:01:12 - OCRING IMAGE: temp_files/I129_PETITION_FOR_A_NONIMMIGRANT_WORKER.jpg
2016-07-14 14:01:12 - OCRING IMAGE: temp_files/I129_PETITION_FOR_A_NONIMMIGRANT_WORKER.jpg
2016-07-14 14:01:32 - ['page_0002a_rotated.jpg', 'page_0012A_rotated.jpg', 'page_0017A_rotated.jpg']
2016-07-14 14:01:32 - OCRING IMAGE: temp_files/I129_PETITION_FOR_A_NONIMMIGRANT_WORKER.jpg
2016-07-14 14:01:32 - OCRING IMAGE: temp_files/I129_PETITION_FOR_A_NONIMMIGRANT_WORKER.jpg
2016-07-14 14:01:33 - OCRING IMAGE: temp_files/I129_PETITION_FOR_A_NONIMMIGRANT_WORKER.jpg
2016-07-14 14:01:48 - ['page_0002a_rotated.jpg', 'page_0012A_rotated.jpg', 'page_0017A_rotated.jpg']
2016-07-14 14:01:48 - OCRING IMAGE: temp_files/I129_PETITION_FOR_A_NONIMMIGRANT_WORKER.jpg
2016-07-14 14:01:49 - OCRING IMAGE: temp_files/I129_PETITION_FOR_A_NONIMMIGRANT_WORKER.jpg
2016-07-14 14:01:49 - OCRING IMAGE: temp_files/I129_PETITION_FOR_A_NONIMMIGRANT_WORKER.jpg
2016-07-14 14:02:09 - ['page_0002a_rotated.jpg', 'page_0012A_rotated.jpg', 'page_0017A_rotated.jpg']
2016-07-14 14:02:09 - OCRING IMAGE: temp_files/I129_PETITION_FOR_A_NONIMMIGRANT_WORKER.jpg
2016-07-14 14:02:09 - OCRING IMAGE: temp_files/I129_PETITION_FOR_A_NONIMMIGRANT_WORKER.jpg
2016-07-14 14:02:10 - OCRING IMAGE: temp_files/I129_PETITION_FOR_A_NONIMMIGRANT_WORKER.jpg
2016-07-14 14:02:33 - ['page_0002a_rotated.jpg', 'page_0012A_rotated.jpg', 'page_0017A_rotated.jpg']
2016-07-14 14:02:33 - OCRING IMAGE: temp_files/I129_PETITION_FOR_A_NONIMMIGRANT_WORKER.jpg
2016-07-14 14:02:33 - OCRING IMAGE: temp_files/I129_PETITION_FOR_A_NONIMMIGRANT_WORKER.jpg
2016-07-14 14:02:34 - OCRING IMAGE: temp_files/I129_PETITION_FOR_A_NONIMMIGRANT_WORKER.jpg
2016-07-14 14:02:52 - ['page_0002a_rotated.jpg', 'page_0012A_rotated.jpg', 'page_0017A_rotated.jpg']
2016-07-14 14:02:53 - OCRING IMAGE: temp_files/I129_PETITION_FOR_A_NONIMMIGRANT_WORKER.jpg
2016-07-14 14:02:53 - OCRING IMAGE: temp_files/I129_PETITION_FOR_A_NONIMMIGRANT_WORKER.jpg
2016-07-14 14:02:53 - OCRING IMAGE: temp_files/I129_PETITION_FOR_A_NONIMMIGRANT_WORKER.jpg
2016-07-14 14:03:05 - ['page_0002a_rotated.jpg', 'page_0012A_rotated.jpg', 'page_0017A_rotated.jpg']
2016-07-14 14:03:05 - OCRING IMAGE: temp_files/I129_PETITION_FOR_A_NONIMMIGRANT_WORKER.jpg
2016-07-14 14:03:06 - OCRING IMAGE: temp_files/I129_PETITION_FOR_A_NONIMMIGRANT_WORKER.jpg
2016-07-14 14:03:06 - OCRING IMAGE: temp_files/I129_PETITION_FOR_A_NONIMMIGRANT_WORKER.jpg
2016-07-14 14:03:13 - ['page_0002a_rotated.jpg', 'page_0012A_rotated.jpg', 'page_0017A_rotated.jpg']
2016-07-14 14:03:14 - OCRING IMAGE: temp_files/I129_PETITION_FOR_A_NONIMMIGRANT_WORKER.jpg
2016-07-14 14:03:14 - OCRING IMAGE: temp_files/I129_PETITION_FOR_A_NONIMMIGRANT_WORKER.jpg
2016-07-14 14:03:14 - OCRING IMAGE: temp_files/I129_PETITION_FOR_A_NONIMMIGRANT_WORKER.jpg
2016-07-14 14:04:53 - ['page_0002a_rotated.jpg', 'page_0012A_rotated.jpg', 'page_0017A_rotated.jpg']
2016-07-14 14:04:53 - OCRING IMAGE: temp_files/I129_PETITION_FOR_A_NONIMMIGRANT_WORKER.jpg
2016-07-14 14:04:54 - OCRING IMAGE: temp_files/I129_PETITION_FOR_A_NONIMMIGRANT_WORKER.jpg
2016-07-14 14:04:54 - OCRING IMAGE: temp_files/I129_PETITION_FOR_A_NONIMMIGRANT_WORKER.jpg
2016-07-14 14:05:28 - ['page_0002a_rotated.jpg', 'page_0012A_rotated.jpg', 'page_0017A_rotated.jpg']
2016-07-14 14:05:28 - OCRING IMAGE: temp_files/I129_PETITION_FOR_A_NONIMMIGRANT_WORKER.jpg
2016-07-14 14:05:28 - OCRING IMAGE: temp_files/I129_PETITION_FOR_A_NONIMMIGRANT_WORKER.jpg
2016-07-14 14:05:29 - OCRING IMAGE: temp_files/I129_PETITION_FOR_A_NONIMMIGRANT_WORKER.jpg
2016-07-14 14:05:52 - ['page_0002a_rotated.jpg', 'page_0012A_rotated.jpg', 'page_0017A_rotated.jpg']
2016-07-14 14:05:52 - OCRING IMAGE: temp_files/I129_PETITION_FOR_A_NONIMMIGRANT_WORKER.jpg
2016-07-14 14:05:52 - OCRING IMAGE: temp_files/I129_PETITION_FOR_A_NONIMMIGRANT_WORKER.jpg
2016-07-14 14:05:53 - OCRING IMAGE: temp_files/I129_PETITION_FOR_A_NONIMMIGRANT_WORKER.jpg
2016-07-14 14:06:09 - ['page_0002a_rotated.jpg', 'page_0012A_rotated.jpg', 'page_0017A_rotated.jpg']
2016-07-14 14:06:09 - OCRING IMAGE: temp_files/I129_PETITION_FOR_A_NONIMMIGRANT_WORKER.jpg
2016-07-14 14:06:09 - OCRING IMAGE: temp_files/I129_PETITION_FOR_A_NONIMMIGRANT_WORKER.jpg
2016-07-14 14:06:10 - OCRING IMAGE: temp_files/I129_PETITION_FOR_A_NONIMMIGRANT_WORKER.jpg
2016-07-14 14:07:26 - ['page_0002a_rotated.jpg', 'page_0012A_rotated.jpg', 'page_0017A_rotated.jpg']
2016-07-14 14:07:26 - OCRING IMAGE: temp_files/I129_PETITION_FOR_A_NONIMMIGRANT_WORKER.jpg
2016-07-14 14:07:27 - OCRING IMAGE: temp_files/I129_PETITION_FOR_A_NONIMMIGRANT_WORKER.jpg
2016-07-14 14:07:27 - OCRING IMAGE: temp_files/I129_PETITION_FOR_A_NONIMMIGRANT_WORKER.jpg
2016-07-14 14:09:10 - ['page_0002a_rotated.jpg', 'page_0012A_rotated.jpg', 'page_0017A_rotated.jpg']
2016-07-14 14:09:10 - OCRING IMAGE: temp_files/I129_PETITION_FOR_A_NONIMMIGRANT_WORKER.jpg
2016-07-14 14:09:11 - OCRING IMAGE: temp_files/I129_PETITION_FOR_A_NONIMMIGRANT_WORKER.jpg
2016-07-14 14:09:11 - OCRING IMAGE: temp_files/I129_PETITION_FOR_A_NONIMMIGRANT_WORKER.jpg
2016-07-14 14:09:41 - ['page_0002a_rotated.jpg', 'page_0012A_rotated.jpg', 'page_0017A_rotated.jpg']
2016-07-14 14:09:41 - OCRING IMAGE: temp_files/I129_PETITION_FOR_A_NONIMMIGRANT_WORKER.jpg
2016-07-14 14:09:42 - OCRING IMAGE: temp_files/I129_PETITION_FOR_A_NONIMMIGRANT_WORKER.jpg
2016-07-14 14:09:42 - OCRING IMAGE: temp_files/I129_PETITION_FOR_A_NONIMMIGRANT_WORKER.jpg
2016-07-14 14:09:58 - ['page_0002a_rotated.jpg', 'page_0012A_rotated.jpg', 'page_0017A_rotated.jpg']
2016-07-14 14:09:58 - OCRING IMAGE: temp_files/I129_PETITION_FOR_A_NONIMMIGRANT_WORKER.jpg
2016-07-14 14:09:58 - OCRING IMAGE: temp_files/I129_PETITION_FOR_A_NONIMMIGRANT_WORKER.jpg
2016-07-14 14:09:59 - OCRING IMAGE: temp_files/I129_PETITION_FOR_A_NONIMMIGRANT_WORKER.jpg
2016-07-14 14:11:21 - ['page_0002a_rotated.jpg', 'page_0012A_rotated.jpg', 'page_0017A_rotated.jpg']
2016-07-14 14:11:21 - OCRING IMAGE: temp_files/I129_PETITION_FOR_A_NONIMMIGRANT_WORKER.jpg
2016-07-14 14:11:22 - OCRING IMAGE: temp_files/I129_PETITION_FOR_A_NONIMMIGRANT_WORKER.jpg
2016-07-14 14:11:22 - OCRING IMAGE: temp_files/I129_PETITION_FOR_A_NONIMMIGRANT_WORKER.jpg
2016-07-14 14:11:33 - ['page_0002a_rotated.jpg', 'page_0012A_rotated.jpg', 'page_0017A_rotated.jpg']
2016-07-14 14:11:34 - OCRING IMAGE: temp_files/I129_PETITION_FOR_A_NONIMMIGRANT_WORKER.jpg
2016-07-14 14:11:34 - OCRING IMAGE: temp_files/I129_PETITION_FOR_A_NONIMMIGRANT_WORKER.jpg
2016-07-14 14:11:34 - OCRING IMAGE: temp_files/I129_PETITION_FOR_A_NONIMMIGRANT_WORKER.jpg
2016-07-14 14:13:15 - ['page_0002a_rotated.jpg', 'page_0012A_rotated.jpg', 'page_0017A_rotated.jpg']
2016-07-14 14:13:15 - OCRING IMAGE: temp_files/I129_PETITION_FOR_A_NONIMMIGRANT_WORKER.jpg
2016-07-14 14:13:16 - OCRING IMAGE: temp_files/I129_PETITION_FOR_A_NONIMMIGRANT_WORKER.jpg
2016-07-14 14:13:16 - OCRING IMAGE: temp_files/I129_PETITION_FOR_A_NONIMMIGRANT_WORKER.jpg
2016-07-14 14:13:23 - ['page_0002a_rotated.jpg', 'page_0012A_rotated.jpg', 'page_0017A_rotated.jpg']
2016-07-14 14:13:23 - OCRING IMAGE: temp_files/I129_PETITION_FOR_A_NONIMMIGRANT_WORKER.jpg
2016-07-14 14:13:23 - OCRING IMAGE: temp_files/I129_PETITION_FOR_A_NONIMMIGRANT_WORKER.jpg
2016-07-14 14:13:23 - OCRING IMAGE: temp_files/I129_PETITION_FOR_A_NONIMMIGRANT_WORKER.jpg
2016-07-14 14:14:19 - ['page_0002a_rotated.jpg', 'page_0012A_rotated.jpg', 'page_0017A_rotated.jpg']
2016-07-14 14:14:19 - OCRING IMAGE: temp_files/I129_PETITION_FOR_A_NONIMMIGRANT_WORKER.jpg
2016-07-14 14:14:19 - OCRING IMAGE: temp_files/I129_PETITION_FOR_A_NONIMMIGRANT_WORKER.jpg
2016-07-14 14:14:20 - OCRING IMAGE: temp_files/I129_PETITION_FOR_A_NONIMMIGRANT_WORKER.jpg
2016-07-14 14:15:32 - ['page_0002a_rotated.jpg', 'page_0012A_rotated.jpg', 'page_0017A_rotated.jpg']
2016-07-14 14:15:32 - OCRING IMAGE: temp_files/I129_PETITION_FOR_A_NONIMMIGRANT_WORKER.jpg
2016-07-14 14:15:33 - OCRING IMAGE: temp_files/I129_PETITION_FOR_A_NONIMMIGRANT_WORKER.jpg
2016-07-14 14:15:33 - OCRING IMAGE: temp_files/I129_PETITION_FOR_A_NONIMMIGRANT_WORKER.jpg
2016-07-14 14:15:55 - ['page_0002a_rotated.jpg', 'page_0012A_rotated.jpg', 'page_0017A_rotated.jpg']
2016-07-14 14:15:56 - OCRING IMAGE: temp_files/I129_PETITION_FOR_A_NONIMMIGRANT_WORKER.jpg
2016-07-14 14:15:56 - OCRING IMAGE: temp_files/I129_PETITION_FOR_A_NONIMMIGRANT_WORKER.jpg
2016-07-14 14:15:56 - OCRING IMAGE: temp_files/I129_PETITION_FOR_A_NONIMMIGRANT_WORKER.jpg
2016-07-14 14:16:09 - ['page_0002a_rotated.jpg', 'page_0012A_rotated.jpg', 'page_0017A_rotated.jpg']
2016-07-14 14:16:09 - OCRING IMAGE: temp_files/I129_PETITION_FOR_A_NONIMMIGRANT_WORKER.jpg
2016-07-14 14:16:09 - OCRING IMAGE: temp_files/I129_PETITION_FOR_A_NONIMMIGRANT_WORKER.jpg
2016-07-14 14:16:10 - OCRING IMAGE: temp_files/I129_PETITION_FOR_A_NONIMMIGRANT_WORKER.jpg
2016-07-14 14:17:35 - ['page_0002a_rotated.jpg', 'page_0012A_rotated.jpg', 'page_0017A_rotated.jpg']
2016-07-14 14:17:35 - Processing this file: page_0002a_rotated.jpg
2016-07-14 14:17:35 - OCRING IMAGE: temp_files/I129_PETITION_FOR_A_NONIMMIGRANT_WORKER.jpg
2016-07-14 14:17:35 - Processing this file: page_0012A_rotated.jpg
2016-07-14 14:17:35 - OCRING IMAGE: temp_files/I129_PETITION_FOR_A_NONIMMIGRANT_WORKER.jpg
2016-07-14 14:17:35 - Processing this file: page_0017A_rotated.jpg
2016-07-14 14:17:36 - OCRING IMAGE: temp_files/I129_PETITION_FOR_A_NONIMMIGRANT_WORKER.jpg
2016-07-14 14:19:03 - ['page_0002a_rotated.jpg', 'page_0012A_rotated.jpg', 'page_0017A_rotated.jpg']
2016-07-14 14:19:03 - Processing this file: page_0002a_rotated.jpg
2016-07-14 14:19:03 - OCRING IMAGE: temp_files/I129_PETITION_FOR_A_NONIMMIGRANT_WORKER.jpg
2016-07-14 14:19:03 - Processing this file: page_0012A_rotated.jpg
2016-07-14 14:19:03 - OCRING IMAGE: temp_files/I129_PETITION_FOR_A_NONIMMIGRANT_WORKER.jpg
2016-07-14 14:19:03 - Processing this file: page_0017A_rotated.jpg
2016-07-14 14:19:04 - OCRING IMAGE: temp_files/I129_PETITION_FOR_A_NONIMMIGRANT_WORKER.jpg
2016-07-14 14:19:46 - ['page_0002a_rotated.jpg', 'page_0012A_rotated.jpg', 'page_0017A_rotated.jpg']
2016-07-14 14:19:46 - Processing this file: page_0002a_rotated.jpg
2016-07-14 14:19:46 - OCRING IMAGE: temp_files/I129_PETITION_FOR_A_NONIMMIGRANT_WORKER.jpg
2016-07-14 14:19:46 - Processing this file: page_0012A_rotated.jpg
2016-07-14 14:19:47 - OCRING IMAGE: temp_files/I129_PETITION_FOR_A_NONIMMIGRANT_WORKER.jpg
2016-07-14 14:19:47 - Processing this file: page_0017A_rotated.jpg
2016-07-14 14:19:47 - OCRING IMAGE: temp_files/I129_PETITION_FOR_A_NONIMMIGRANT_WORKER.jpg
2016-07-14 14:21:17 - ['page_0002a_rotated.jpg', 'page_0012A_rotated.jpg', 'page_0017A_rotated.jpg']
2016-07-14 14:21:17 - Processing this file: page_0002a_rotated.jpg
2016-07-14 14:21:17 - OCRING IMAGE: temp_files/I129_PETITION_FOR_A_NONIMMIGRANT_WORKER.jpg
2016-07-14 14:21:32 - ['page_0002a_rotated.jpg', 'page_0012A_rotated.jpg', 'page_0017A_rotated.jpg']
2016-07-14 14:21:32 - Processing this file: page_0002a_rotated.jpg
2016-07-14 14:21:32 - OCRING IMAGE: temp_files/I129_PETITION_FOR_A_NONIMMIGRANT_WORKER.jpg
2016-07-14 14:21:32 - Processing this file: page_0012A_rotated.jpg
2016-07-14 14:21:32 - OCRING IMAGE: temp_files/I129_PETITION_FOR_A_NONIMMIGRANT_WORKER.jpg
2016-07-14 14:21:33 - Processing this file: page_0017A_rotated.jpg
2016-07-14 14:21:33 - OCRING IMAGE: temp_files/I129_PETITION_FOR_A_NONIMMIGRANT_WORKER.jpg
2016-07-14 14:22:48 - ['page_0002a_rotated.jpg', 'page_0012A_rotated.jpg', 'page_0017A_rotated.jpg']
2016-07-14 14:22:48 - Processing this file: page_0002a_rotated.jpg
2016-07-14 14:22:48 - OCRING IMAGE: temp_files/I129_PETITION_FOR_A_NONIMMIGRANT_WORKER.jpg
2016-07-14 14:22:48 - Processing this file: page_0012A_rotated.jpg
2016-07-14 14:22:48 - OCRING IMAGE: temp_files/I129_PETITION_FOR_A_NONIMMIGRANT_WORKER.jpg
2016-07-14 14:22:49 - Processing this file: page_0017A_rotated.jpg
2016-07-14 14:22:49 - OCRING IMAGE: temp_files/I129_PETITION_FOR_A_NONIMMIGRANT_WORKER.jpg
2016-07-14 14:22:56 - ['page_0002a_rotated.jpg', 'page_0012A_rotated.jpg', 'page_0017A_rotated.jpg']
2016-07-14 14:22:56 - Processing this file: page_0002a_rotated.jpg
2016-07-14 14:22:56 - OCRING IMAGE: temp_files/I129_PETITION_FOR_A_NONIMMIGRANT_WORKER.jpg
2016-07-14 14:22:56 - Processing this file: page_0012A_rotated.jpg
2016-07-14 14:22:56 - OCRING IMAGE: temp_files/I129_PETITION_FOR_A_NONIMMIGRANT_WORKER.jpg
2016-07-14 14:22:56 - Processing this file: page_0017A_rotated.jpg
2016-07-14 14:22:57 - OCRING IMAGE: temp_files/I129_PETITION_FOR_A_NONIMMIGRANT_WORKER.jpg
2016-07-14 14:24:23 - ['page_0002a_rotated.jpg', 'page_0012A_rotated.jpg', 'page_0017A_rotated.jpg']
2016-07-14 14:24:23 - Processing this file: page_0002a_rotated.jpg
2016-07-14 14:24:23 - OCRING IMAGE: temp_files/I129_PETITION_FOR_A_NONIMMIGRANT_WORKER.jpg
2016-07-14 14:25:11 - Processing this file: page_0012A_rotated.jpg
2016-07-14 14:25:13 - ['page_0002a_rotated.jpg', 'page_0012A_rotated.jpg', 'page_0017A_rotated.jpg']
2016-07-14 14:25:13 - Processing this file: page_0002a_rotated.jpg
2016-07-14 14:25:13 - OCRING IMAGE: temp_files/I129_PETITION_FOR_A_NONIMMIGRANT_WORKER.jpg
2016-07-14 14:25:38 - ['page_0002a_rotated.jpg', 'page_0012A_rotated.jpg', 'page_0017A_rotated.jpg']
2016-07-14 14:25:38 - Processing this file: page_0002a_rotated.jpg
2016-07-14 14:25:38 - OCRING IMAGE: temp_files/I129_PETITION_FOR_A_NONIMMIGRANT_WORKER.jpg
2016-07-14 14:25:57 - ['page_0002a_rotated.jpg', 'page_0012A_rotated.jpg', 'page_0017A_rotated.jpg']
2016-07-14 14:25:57 - Processing this file: page_0002a_rotated.jpg
2016-07-14 14:25:57 - OCRING IMAGE: temp_files/I129_PETITION_FOR_A_NONIMMIGRANT_WORKER.jpg
2016-07-14 14:27:11 - ['page_0002a_rotated.jpg', 'page_0012A_rotated.jpg', 'page_0017A_rotated.jpg']
2016-07-14 14:27:11 - Processing this file: page_0002a_rotated.jpg
2016-07-14 14:27:12 - OCRING IMAGE: temp_files/I129_PETITION_FOR_A_NONIMMIGRANT_WORKER.jpg
2016-07-14 14:27:41 - ['page_0002a_rotated.jpg', 'page_0012A_rotated.jpg', 'page_0017A_rotated.jpg']
2016-07-14 14:27:41 - Processing this file: page_0002a_rotated.jpg
2016-07-14 14:27:41 - OCRING IMAGE: temp_files/I129_PETITION_FOR_A_NONIMMIGRANT_WORKER.jpg
2016-07-14 14:28:14 - Processing this file: page_0012A_rotated.jpg
2016-07-14 14:28:15 - ['page_0002a_rotated.jpg', 'page_0012A_rotated.jpg', 'page_0017A_rotated.jpg']
2016-07-14 14:28:15 - Processing this file: page_0002a_rotated.jpg
2016-07-14 14:28:15 - OCRING IMAGE: temp_files/I129_PETITION_FOR_A_NONIMMIGRANT_WORKER.jpg
2016-07-14 14:28:50 - ['page_0002a_rotated.jpg', 'page_0012A_rotated.jpg', 'page_0017A_rotated.jpg']
2016-07-14 14:28:50 - Processing this file: page_0002a_rotated.jpg
2016-07-14 14:28:50 - OCRING IMAGE: temp_files/I129_PETITION_FOR_A_NONIMMIGRANT_WORKER.jpg
2016-07-14 14:29:13 - ['page_0002a_rotated.jpg', 'page_0012A_rotated.jpg', 'page_0017A_rotated.jpg']
2016-07-14 14:29:13 - Processing this file: page_0002a_rotated.jpg
2016-07-14 14:29:13 - OCRING IMAGE: temp_files/I129_PETITION_FOR_A_NONIMMIGRANT_WORKER.jpg
2016-07-14 14:30:14 - ['page_0002a_rotated.jpg', 'page_0012A_rotated.jpg', 'page_0017A_rotated.jpg']
2016-07-14 14:30:14 - Processing this file: page_0002a_rotated.jpg
2016-07-14 14:30:15 - OCRING IMAGE: temp_files/I129_PETITION_FOR_A_NONIMMIGRANT_WORKER.jpg
2016-07-14 14:30:15 - Processing this file: page_0012A_rotated.jpg
2016-07-14 14:30:15 - OCRING IMAGE: temp_files/I129_PETITION_FOR_A_NONIMMIGRANT_WORKER.jpg
2016-07-14 14:30:15 - Processing this file: page_0017A_rotated.jpg
2016-07-14 14:30:15 - OCRING IMAGE: temp_files/I129_PETITION_FOR_A_NONIMMIGRANT_WORKER.jpg
2016-07-14 14:30:21 - ['page_0002a_rotated.jpg', 'page_0012A_rotated.jpg', 'page_0017A_rotated.jpg']
2016-07-14 14:30:21 - Processing this file: page_0002a_rotated.jpg
2016-07-14 14:30:21 - OCRING IMAGE: temp_files/I129_PETITION_FOR_A_NONIMMIGRANT_WORKER.jpg
2016-07-14 14:31:19 - ['page_0002a_rotated.jpg', 'page_0012A_rotated.jpg', 'page_0017A_rotated.jpg']
2016-07-14 14:31:19 - Processing this file: page_0002a_rotated.jpg
2016-07-14 14:31:19 - OCRING IMAGE: temp_files/I129_PETITION_FOR_A_NONIMMIGRANT_WORKER.jpg
2016-07-14 14:31:19 - Processing this file: page_0012A_rotated.jpg
2016-07-14 14:31:20 - OCRING IMAGE: temp_files/I129_PETITION_FOR_A_NONIMMIGRANT_WORKER.jpg
2016-07-14 14:31:20 - Processing this file: page_0017A_rotated.jpg
2016-07-14 14:31:20 - OCRING IMAGE: temp_files/I129_PETITION_FOR_A_NONIMMIGRANT_WORKER.jpg
2016-07-14 14:31:31 - ['page_0002a_rotated.jpg', 'page_0012A_rotated.jpg', 'page_0017A_rotated.jpg']
2016-07-14 14:31:31 - Processing this file: page_0002a_rotated.jpg
2016-07-14 14:31:31 - OCRING IMAGE: temp_files/I129_PETITION_FOR_A_NONIMMIGRANT_WORKER.jpg
2016-07-14 14:31:31 - Processing this file: page_0012A_rotated.jpg
2016-07-14 14:31:32 - OCRING IMAGE: temp_files/I129_PETITION_FOR_A_NONIMMIGRANT_WORKER.jpg
2016-07-14 14:31:32 - Processing this file: page_0017A_rotated.jpg
2016-07-14 14:31:32 - OCRING IMAGE: temp_files/I129_PETITION_FOR_A_NONIMMIGRANT_WORKER.jpg
2016-07-14 14:31:37 - ['page_0002a_rotated.jpg', 'page_0012A_rotated.jpg', 'page_0017A_rotated.jpg']
2016-07-14 14:31:37 - Processing this file: page_0002a_rotated.jpg
2016-07-14 14:31:37 - OCRING IMAGE: temp_files/I129_PETITION_FOR_A_NONIMMIGRANT_WORKER.jpg
2016-07-14 14:33:05 - ['page_0002a_rotated.jpg', 'page_0012A_rotated.jpg', 'page_0017A_rotated.jpg']
2016-07-14 14:33:05 - Processing this file: page_0002a_rotated.jpg
2016-07-14 14:33:06 - OCRING IMAGE: temp_files/I129_PETITION_FOR_A_NONIMMIGRANT_WORKER.jpg
2016-07-14 14:33:06 - Processing this file: page_0012A_rotated.jpg
2016-07-14 14:33:06 - OCRING IMAGE: temp_files/I129_PETITION_FOR_A_NONIMMIGRANT_WORKER.jpg
2016-07-14 14:33:06 - Processing this file: page_0017A_rotated.jpg
2016-07-14 14:33:06 - OCRING IMAGE: temp_files/I129_PETITION_FOR_A_NONIMMIGRANT_WORKER.jpg
2016-07-14 14:33:17 - ['page_0002a_rotated.jpg', 'page_0012A_rotated.jpg', 'page_0017A_rotated.jpg']
2016-07-14 14:33:17 - Processing this file: page_0002a_rotated.jpg
2016-07-14 14:33:18 - OCRING IMAGE: temp_files/I129_PETITION_FOR_A_NONIMMIGRANT_WORKER.jpg
2016-07-14 14:33:30 - Processing this file: page_0012A_rotated.jpg
2016-07-14 14:33:39 - OCRING IMAGE: temp_files/I129_PETITION_FOR_A_NONIMMIGRANT_WORKER.jpg
2016-07-14 14:33:57 - ['page_0002a_rotated.jpg', 'page_0012A_rotated.jpg', 'page_0017A_rotated.jpg']
2016-07-14 14:33:57 - Processing this file: page_0002a_rotated.jpg
2016-07-14 14:33:57 - OCRING IMAGE: temp_files/I129_PETITION_FOR_A_NONIMMIGRANT_WORKER.jpg
2016-07-14 14:33:58 - Processing this file: page_0012A_rotated.jpg
2016-07-14 14:33:58 - OCRING IMAGE: temp_files/I129_PETITION_FOR_A_NONIMMIGRANT_WORKER.jpg
2016-07-14 14:33:58 - Processing this file: page_0017A_rotated.jpg
2016-07-14 14:33:58 - OCRING IMAGE: temp_files/I129_PETITION_FOR_A_NONIMMIGRANT_WORKER.jpg
2016-07-14 14:34:02 - ['page_0002a_rotated.jpg', 'page_0012A_rotated.jpg', 'page_0017A_rotated.jpg']
2016-07-14 14:34:02 - Processing this file: page_0002a_rotated.jpg
2016-07-14 14:34:02 - OCRING IMAGE: temp_files/I129_PETITION_FOR_A_NONIMMIGRANT_WORKER.jpg
2016-07-14 14:35:00 - ['page_0002a_rotated.jpg', 'page_0012A_rotated.jpg', 'page_0017A_rotated.jpg']
2016-07-14 14:35:00 - Processing this file: page_0002a_rotated.jpg
2016-07-14 14:35:00 - OCRING IMAGE: temp_files/I129_PETITION_FOR_A_NONIMMIGRANT_WORKER.jpg
2016-07-14 14:35:01 - I NOTICE DATE |
2016-07-14 14:35:01 - Processing this file: page_0012A_rotated.jpg
2016-07-14 14:35:01 - OCRING IMAGE: temp_files/I129_PETITION_FOR_A_NONIMMIGRANT_WORKER.jpg
2016-07-14 14:35:01 - I129 PETITION FOR A NONIMMIGRANT WORKER|
2016-07-14 14:35:01 - Processing this file: page_0017A_rotated.jpg
2016-07-14 14:35:01 - OCRING IMAGE: temp_files/I129_PETITION_FOR_A_NONIMMIGRANT_WORKER.jpg
2016-07-14 14:35:01 - I129 PETITION FOR A NONIMMIGRANT WORKERE
2016-07-14 14:35:35 - ['page_0002a_rotated.jpg', 'page_0012A_rotated.jpg', 'page_0017A_rotated.jpg']
2016-07-14 14:35:35 - Processing this file: page_0002a_rotated.jpg
2016-07-14 14:35:35 - OCRING IMAGE: temp_files/I129_PETITION_FOR_A_NONIMMIGRANT_WORKER.jpg
2016-07-14 14:35:39 - I NOTICE DATE |
2016-07-14 14:35:48 - ['page_0002a_rotated.jpg', 'page_0012A_rotated.jpg', 'page_0017A_rotated.jpg']
2016-07-14 14:35:48 - Processing this file: page_0002a_rotated.jpg
2016-07-14 14:35:48 - OCRING IMAGE: temp_files/I129_PETITION_FOR_A_NONIMMIGRANT_WORKER.jpg
2016-07-14 14:35:51 - I NOTICE DATE |
2016-07-14 14:36:04 - ['page_0002a_rotated.jpg', 'page_0012A_rotated.jpg', 'page_0017A_rotated.jpg']
2016-07-14 14:36:04 - Processing this file: page_0002a_rotated.jpg
2016-07-14 14:36:05 - OCRING IMAGE: temp_files/I129_PETITION_FOR_A_NONIMMIGRANT_WORKER.jpg
2016-07-14 14:36:05 - Processing this file: page_0012A_rotated.jpg
2016-07-14 14:36:05 - OCRING IMAGE: temp_files/I129_PETITION_FOR_A_NONIMMIGRANT_WORKER.jpg
2016-07-14 14:36:05 - Processing this file: page_0017A_rotated.jpg
2016-07-14 14:36:05 - OCRING IMAGE: temp_files/I129_PETITION_FOR_A_NONIMMIGRANT_WORKER.jpg
2016-07-14 14:37:05 - ['page_0002a_rotated.jpg', 'page_0012A_rotated.jpg', 'page_0017A_rotated.jpg']
2016-07-14 14:37:05 - Processing this file: page_0002a_rotated.jpg
2016-07-14 14:37:05 - OCRING IMAGE: temp_files/I129_PETITION_FOR_A_NONIMMIGRANT_WORKER.jpg
2016-07-14 14:37:19 - Processing this file: page_0012A_rotated.jpg
2016-07-14 14:37:56 - ['page_0002a_rotated.jpg', 'page_0012A_rotated.jpg', 'page_0017A_rotated.jpg']
2016-07-14 14:37:56 - Processing this file: page_0002a_rotated.jpg
2016-07-14 14:37:56 - OCRING IMAGE: temp_files/I129_PETITION_FOR_A_NONIMMIGRANT_WORKER.jpg
2016-07-14 14:37:56 - Processing this file: page_0012A_rotated.jpg
2016-07-14 14:37:57 - OCRING IMAGE: temp_files/I129_PETITION_FOR_A_NONIMMIGRANT_WORKER.jpg
2016-07-14 14:37:57 - Processing this file: page_0017A_rotated.jpg
2016-07-14 14:37:57 - OCRING IMAGE: temp_files/I129_PETITION_FOR_A_NONIMMIGRANT_WORKER.jpg
2016-07-14 14:50:33 - ['page_0002a_rotated.jpg', 'page_0012A_rotated.jpg', 'page_0017A_rotated.jpg']
2016-07-14 14:50:33 - Determining If this is the file to process: page_0002a_rotated.jpg
2016-07-14 14:50:34 - OCRING IMAGE: temp_files/I129_PETITION_FOR_A_NONIMMIGRANT_WORKER.jpg
2016-07-14 14:50:34 - Determining If this is the file to process: page_0012A_rotated.jpg
2016-07-14 14:50:34 - OCRING IMAGE: temp_files/I129_PETITION_FOR_A_NONIMMIGRANT_WORKER.jpg
2016-07-14 14:50:34 - OCRING FILE: page_0012A_rotated.jpg
2016-07-14 14:50:34 - OCRING IMAGE: temp_files/ddress.jpg
2016-07-14 14:50:35 - OCRING IMAGE: temp_files/otice_type.jpg
2016-07-14 14:50:35 - OCRING IMAGE: temp_files/age_number.jpg
2016-07-14 14:50:35 - OCRING IMAGE: temp_files/otice_date.jpg
2016-07-14 14:50:35 - OCRING IMAGE: temp_files/a.jpg
2016-07-14 14:50:35 - OCRING IMAGE: temp_files/eneficiary.jpg
2016-07-14 14:50:35 - OCRING IMAGE: temp_files/a.jpg
2016-07-14 14:50:35 - OCRING IMAGE: temp_files/etitioner.jpg
2016-07-14 14:50:35 - OCRING IMAGE: temp_files/riority_date.jpg
2016-07-14 14:50:35 - OCRING IMAGE: temp_files/eceived_date.jpg
2016-07-14 14:50:35 - OCRING IMAGE: temp_files/eceipt_number.jpg
2016-07-14 14:50:35 - OCRING IMAGE: temp_files/I129_PETITION_FOR_A_NONIMMIGRANT_WORKER.jpg
2016-07-14 14:50:35 - Determining If this is the file to process: page_0017A_rotated.jpg
2016-07-14 14:50:35 - OCRING IMAGE: temp_files/I129_PETITION_FOR_A_NONIMMIGRANT_WORKER.jpg
2016-07-14 14:50:36 - OCRING FILE: page_0017A_rotated.jpg
2016-07-14 14:50:36 - OCRING IMAGE: temp_files/ddress.jpg
2016-07-14 14:50:36 - OCRING IMAGE: temp_files/otice_type.jpg
2016-07-14 14:50:36 - OCRING IMAGE: temp_files/age_number.jpg
2016-07-14 14:50:36 - OCRING IMAGE: temp_files/otice_date.jpg
2016-07-14 14:50:36 - OCRING IMAGE: temp_files/a.jpg
2016-07-14 14:50:36 - OCRING IMAGE: temp_files/eneficiary.jpg
2016-07-14 14:50:36 - OCRING IMAGE: temp_files/a.jpg
2016-07-14 14:50:36 - OCRING IMAGE: temp_files/etitioner.jpg
2016-07-14 14:50:36 - OCRING IMAGE: temp_files/riority_date.jpg
2016-07-14 14:50:37 - OCRING IMAGE: temp_files/eceived_date.jpg
2016-07-14 14:50:37 - OCRING IMAGE: temp_files/eceipt_number.jpg
2016-07-14 14:50:37 - OCRING IMAGE: temp_files/I129_PETITION_FOR_A_NONIMMIGRANT_WORKER.jpg
2016-07-14 14:52:16 - ['page_0002a_rotated.jpg', 'page_0012A_rotated.jpg', 'page_0017A_rotated.jpg']
2016-07-14 14:52:16 - Determining If this is the file to process: page_0002a_rotated.jpg
2016-07-14 14:52:16 - OCRING IMAGE: temp_files/I129_PETITION_FOR_A_NONIMMIGRANT_WORKER.jpg
2016-07-14 14:52:16 - Determining If this is the file to process: page_0012A_rotated.jpg
2016-07-14 14:52:17 - OCRING IMAGE: temp_files/I129_PETITION_FOR_A_NONIMMIGRANT_WORKER.jpg
2016-07-14 14:52:17 - OCRING FILE: page_0012A_rotated.jpg
2016-07-14 14:52:17 - OCRING IMAGE: temp_files/ddress.jpg
2016-07-14 14:52:17 - OCRING IMAGE: temp_files/otice_type.jpg
2016-07-14 14:52:17 - OCRING IMAGE: temp_files/age_number.jpg
2016-07-14 14:52:17 - OCRING IMAGE: temp_files/otice_date.jpg
2016-07-14 14:52:17 - OCRING IMAGE: temp_files/a.jpg
2016-07-14 14:52:17 - OCRING IMAGE: temp_files/eneficiary.jpg
2016-07-14 14:52:18 - OCRING IMAGE: temp_files/a.jpg
2016-07-14 14:52:18 - OCRING IMAGE: temp_files/etitioner.jpg
2016-07-14 14:52:18 - OCRING IMAGE: temp_files/riority_date.jpg
2016-07-14 14:52:18 - OCRING IMAGE: temp_files/eceived_date.jpg
2016-07-14 14:52:18 - OCRING IMAGE: temp_files/eceipt_number.jpg
2016-07-14 14:52:18 - OCRING IMAGE: temp_files/I129_PETITION_FOR_A_NONIMMIGRANT_WORKER.jpg
2016-07-14 14:52:18 - Determining If this is the file to process: page_0017A_rotated.jpg
2016-07-14 14:52:18 - OCRING IMAGE: temp_files/I129_PETITION_FOR_A_NONIMMIGRANT_WORKER.jpg
2016-07-14 14:52:18 - OCRING FILE: page_0017A_rotated.jpg
2016-07-14 14:52:18 - OCRING IMAGE: temp_files/ddress.jpg
2016-07-14 14:52:19 - OCRING IMAGE: temp_files/otice_type.jpg
2016-07-14 14:52:19 - OCRING IMAGE: temp_files/age_number.jpg
2016-07-14 14:52:19 - OCRING IMAGE: temp_files/otice_date.jpg
2016-07-14 14:52:19 - OCRING IMAGE: temp_files/a.jpg
2016-07-14 14:52:19 - OCRING IMAGE: temp_files/eneficiary.jpg
2016-07-14 14:52:19 - OCRING IMAGE: temp_files/a.jpg
2016-07-14 14:52:19 - OCRING IMAGE: temp_files/etitioner.jpg
2016-07-14 14:52:19 - OCRING IMAGE: temp_files/riority_date.jpg
2016-07-14 14:52:19 - OCRING IMAGE: temp_files/eceived_date.jpg
2016-07-14 14:52:19 - OCRING IMAGE: temp_files/eceipt_number.jpg
2016-07-14 14:52:19 - OCRING IMAGE: temp_files/I129_PETITION_FOR_A_NONIMMIGRANT_WORKER.jpg
2016-07-14 14:52:23 - ['page_0002a_rotated.jpg', 'page_0012A_rotated.jpg', 'page_0017A_rotated.jpg']
2016-07-14 14:52:25 - Determining If this is the file to process: page_0002a_rotated.jpg
2016-07-14 14:52:25 - OCRING IMAGE: temp_files/I129_PETITION_FOR_A_NONIMMIGRANT_WORKER.jpg
2016-07-14 14:52:27 - Determining If this is the file to process: page_0012A_rotated.jpg
2016-07-14 14:52:27 - OCRING IMAGE: temp_files/I129_PETITION_FOR_A_NONIMMIGRANT_WORKER.jpg
2016-07-14 14:52:28 - OCRING FILE: page_0012A_rotated.jpg
2016-07-14 14:52:28 - OCRING IMAGE: temp_files/ddress.jpg
2016-07-14 14:52:28 - OCRING IMAGE: temp_files/otice_type.jpg
2016-07-14 14:52:28 - OCRING IMAGE: temp_files/age_number.jpg
2016-07-14 14:52:28 - OCRING IMAGE: temp_files/otice_date.jpg
2016-07-14 14:52:28 - OCRING IMAGE: temp_files/a.jpg
2016-07-14 14:52:28 - OCRING IMAGE: temp_files/eneficiary.jpg
2016-07-14 14:52:29 - OCRING IMAGE: temp_files/a.jpg
2016-07-14 14:52:29 - OCRING IMAGE: temp_files/etitioner.jpg
2016-07-14 14:52:29 - OCRING IMAGE: temp_files/riority_date.jpg
2016-07-14 14:52:29 - OCRING IMAGE: temp_files/eceived_date.jpg
2016-07-14 14:52:29 - OCRING IMAGE: temp_files/eceipt_number.jpg
2016-07-14 14:52:29 - OCRING IMAGE: temp_files/I129_PETITION_FOR_A_NONIMMIGRANT_WORKER.jpg
2016-07-14 14:52:30 - Determining If this is the file to process: page_0017A_rotated.jpg
2016-07-14 14:52:31 - OCRING IMAGE: temp_files/I129_PETITION_FOR_A_NONIMMIGRANT_WORKER.jpg
2016-07-14 14:52:31 - OCRING FILE: page_0017A_rotated.jpg
2016-07-14 14:52:32 - OCRING IMAGE: temp_files/ddress.jpg
2016-07-14 14:52:32 - OCRING IMAGE: temp_files/otice_type.jpg
2016-07-14 14:52:32 - OCRING IMAGE: temp_files/age_number.jpg
2016-07-14 14:52:32 - OCRING IMAGE: temp_files/otice_date.jpg
2016-07-14 14:52:32 - OCRING IMAGE: temp_files/a.jpg
2016-07-14 14:52:32 - OCRING IMAGE: temp_files/eneficiary.jpg
2016-07-14 14:52:32 - OCRING IMAGE: temp_files/a.jpg
2016-07-14 14:52:32 - OCRING IMAGE: temp_files/etitioner.jpg
2016-07-14 14:52:32 - OCRING IMAGE: temp_files/riority_date.jpg
2016-07-14 14:52:32 - OCRING IMAGE: temp_files/eceived_date.jpg
2016-07-14 14:52:32 - OCRING IMAGE: temp_files/eceipt_number.jpg
2016-07-14 14:52:32 - OCRING IMAGE: temp_files/I129_PETITION_FOR_A_NONIMMIGRANT_WORKER.jpg
2016-07-14 14:52:38 - ['page_0002a_rotated.jpg', 'page_0012A_rotated.jpg', 'page_0017A_rotated.jpg']
2016-07-14 14:52:41 - Determining If this is the file to process: page_0002a_rotated.jpg
2016-07-14 14:52:41 - OCRING IMAGE: temp_files/I129_PETITION_FOR_A_NONIMMIGRANT_WORKER.jpg
2016-07-14 14:52:46 - Determining If this is the file to process: page_0012A_rotated.jpg
2016-07-14 14:52:46 - OCRING IMAGE: temp_files/I129_PETITION_FOR_A_NONIMMIGRANT_WORKER.jpg
2016-07-14 14:52:47 - OCRING FILE: page_0012A_rotated.jpg
2016-07-14 14:53:09 - ['page_0002a_rotated.jpg', 'page_0012A_rotated.jpg', 'page_0017A_rotated.jpg']
2016-07-14 14:53:11 - Determining If this is the file to process: page_0002a_rotated.jpg
2016-07-14 14:53:12 - OCRING IMAGE: temp_files/I129_PETITION_FOR_A_NONIMMIGRANT_WORKER.jpg
2016-07-14 14:53:13 - Determining If this is the file to process: page_0012A_rotated.jpg
2016-07-14 14:53:14 - OCRING IMAGE: temp_files/I129_PETITION_FOR_A_NONIMMIGRANT_WORKER.jpg
2016-07-14 14:53:14 - OCRING FILE: page_0012A_rotated.jpg
2016-07-14 14:53:30 - OCRING IMAGE: temp_files/address.jpg
2016-07-14 14:54:12 - OCRING IMAGE: temp_files/notice_type.jpg
2016-07-14 14:56:25 - OCRING IMAGE: temp_files/page_number.jpg
2016-07-14 14:56:27 - OCRING IMAGE: temp_files/notice_date.jpg
2016-07-14 14:56:28 - OCRING IMAGE: temp_files/na.jpg
2016-07-14 14:56:30 - OCRING IMAGE: temp_files/beneficiary.jpg
2016-07-14 14:56:31 - OCRING IMAGE: temp_files/na.jpg
2016-07-14 14:56:32 - OCRING IMAGE: temp_files/petitioner.jpg
2016-07-14 14:56:34 - OCRING IMAGE: temp_files/priority_date.jpg
2016-07-14 14:56:35 - OCRING IMAGE: temp_files/received_date.jpg
2016-07-14 14:56:36 - OCRING IMAGE: temp_files/receipt_number.jpg
